
*** Running vivado
    with args -log blk_mem_gen_1.vds -m64 -product Vivado -mode batch -messageDb vivado.pb -notrace -source blk_mem_gen_1.tcl



****** Vivado v2024.1 (64-bit)
  **** SW Build 5076996 on Wed May 22 18:37:14 MDT 2024
  **** IP Build 5075265 on Wed May 22 21:45:21 MDT 2024
  **** SharedData Build 5076995 on Wed May 22 18:29:18 MDT 2024
  **** Start of session at: Fri Nov  1 16:59:52 2024
    ** Copyright 1986-2022 Xilinx, Inc. All Rights Reserved.
    ** Copyright 2022-2024 Advanced Micro Devices, Inc. All Rights Reserved.

source blk_mem_gen_1.tcl -notrace
create_project: Time (s): cpu = 00:00:07 ; elapsed = 00:00:09 . Memory (MB): peak = 575.879 ; gain = 240.320
INFO: [IP_Flow 19-6924] IPCACHE: Running cache check for IP inst: blk_mem_gen_1
Command: synth_design -top blk_mem_gen_1 -part xc7z020clg400-1 -incremental_mode off -mode out_of_context
Starting synth_design
Attempting to get a license for feature 'Synthesis' and/or device 'xc7z020'
INFO: [Common 17-349] Got license for feature 'Synthesis' and/or device 'xc7z020'
INFO: [Device 21-403] Loading part xc7z020clg400-1
INFO: [Device 21-9227] Part: xc7z020clg400-1 does not have CEAM library.
INFO: [Synth 8-7079] Multithreading enabled for synth_design using a maximum of 2 processes.
INFO: [Synth 8-7078] Launching helper process for spawning children vivado processes
INFO: [Synth 8-7075] Helper process launched with PID 1400
---------------------------------------------------------------------------------
Starting RTL Elaboration : Time (s): cpu = 00:00:07 ; elapsed = 00:00:09 . Memory (MB): peak = 1460.512 ; gain = 446.758
---------------------------------------------------------------------------------
INFO: [Synth 8-638] synthesizing module 'blk_mem_gen_1' [c:/Users/MMP/IOT/project_1/project_1.gen/sources_1/ip/blk_mem_gen_1/synth/blk_mem_gen_1.vhd:76]
	Parameter C_FAMILY bound to: zynq - type: string 
	Parameter C_XDEVICEFAMILY bound to: zynq - type: string 
	Parameter C_ELABORATION_DIR bound to: ./ - type: string 
	Parameter C_INTERFACE_TYPE bound to: 0 - type: integer 
	Parameter C_AXI_TYPE bound to: 1 - type: integer 
	Parameter C_AXI_SLAVE_TYPE bound to: 0 - type: integer 
	Parameter C_USE_BRAM_BLOCK bound to: 0 - type: integer 
	Parameter C_ENABLE_32BIT_ADDRESS bound to: 0 - type: integer 
	Parameter C_CTRL_ECC_ALGO bound to: NONE - type: string 
	Parameter C_HAS_AXI_ID bound to: 0 - type: integer 
	Parameter C_AXI_ID_WIDTH bound to: 4 - type: integer 
	Parameter C_MEM_TYPE bound to: 2 - type: integer 
	Parameter C_BYTE_SIZE bound to: 9 - type: integer 
	Parameter C_ALGORITHM bound to: 1 - type: integer 
	Parameter C_PRIM_TYPE bound to: 1 - type: integer 
	Parameter C_LOAD_INIT_FILE bound to: 0 - type: integer 
	Parameter C_INIT_FILE_NAME bound to: no_coe_file_loaded - type: string 
	Parameter C_INIT_FILE bound to: blk_mem_gen_1.mem - type: string 
	Parameter C_USE_DEFAULT_DATA bound to: 1 - type: integer 
	Parameter C_DEFAULT_DATA bound to: 0 - type: string 
	Parameter C_HAS_RSTA bound to: 0 - type: integer 
	Parameter C_RST_PRIORITY_A bound to: CE - type: string 
	Parameter C_RSTRAM_A bound to: 0 - type: integer 
	Parameter C_INITA_VAL bound to: 0 - type: string 
	Parameter C_HAS_ENA bound to: 1 - type: integer 
	Parameter C_HAS_REGCEA bound to: 0 - type: integer 
	Parameter C_USE_BYTE_WEA bound to: 0 - type: integer 
	Parameter C_WEA_WIDTH bound to: 1 - type: integer 
	Parameter C_WRITE_MODE_A bound to: WRITE_FIRST - type: string 
	Parameter C_WRITE_WIDTH_A bound to: 32 - type: integer 
	Parameter C_READ_WIDTH_A bound to: 32 - type: integer 
	Parameter C_WRITE_DEPTH_A bound to: 2048 - type: integer 
	Parameter C_READ_DEPTH_A bound to: 2048 - type: integer 
	Parameter C_ADDRA_WIDTH bound to: 11 - type: integer 
	Parameter C_HAS_RSTB bound to: 0 - type: integer 
	Parameter C_RST_PRIORITY_B bound to: CE - type: string 
	Parameter C_RSTRAM_B bound to: 0 - type: integer 
	Parameter C_INITB_VAL bound to: 0 - type: string 
	Parameter C_HAS_ENB bound to: 1 - type: integer 
	Parameter C_HAS_REGCEB bound to: 0 - type: integer 
	Parameter C_USE_BYTE_WEB bound to: 0 - type: integer 
	Parameter C_WEB_WIDTH bound to: 1 - type: integer 
	Parameter C_WRITE_MODE_B bound to: WRITE_FIRST - type: string 
	Parameter C_WRITE_WIDTH_B bound to: 32 - type: integer 
	Parameter C_READ_WIDTH_B bound to: 32 - type: integer 
	Parameter C_WRITE_DEPTH_B bound to: 2048 - type: integer 
	Parameter C_READ_DEPTH_B bound to: 2048 - type: integer 
	Parameter C_ADDRB_WIDTH bound to: 11 - type: integer 
	Parameter C_HAS_MEM_OUTPUT_REGS_A bound to: 0 - type: integer 
	Parameter C_HAS_MEM_OUTPUT_REGS_B bound to: 0 - type: integer 
	Parameter C_HAS_MUX_OUTPUT_REGS_A bound to: 0 - type: integer 
	Parameter C_HAS_MUX_OUTPUT_REGS_B bound to: 0 - type: integer 
	Parameter C_MUX_PIPELINE_STAGES bound to: 0 - type: integer 
	Parameter C_HAS_SOFTECC_INPUT_REGS_A bound to: 0 - type: integer 
	Parameter C_HAS_SOFTECC_OUTPUT_REGS_B bound to: 0 - type: integer 
	Parameter C_USE_SOFTECC bound to: 0 - type: integer 
	Parameter C_USE_ECC bound to: 0 - type: integer 
	Parameter C_EN_ECC_PIPE bound to: 0 - type: integer 
	Parameter C_READ_LATENCY_A bound to: 1 - type: integer 
	Parameter C_READ_LATENCY_B bound to: 1 - type: integer 
	Parameter C_HAS_INJECTERR bound to: 0 - type: integer 
	Parameter C_SIM_COLLISION_CHECK bound to: ALL - type: string 
	Parameter C_COMMON_CLK bound to: 0 - type: integer 
	Parameter C_DISABLE_WARN_BHV_COLL bound to: 0 - type: integer 
	Parameter C_EN_SLEEP_PIN bound to: 0 - type: integer 
	Parameter C_USE_URAM bound to: 0 - type: integer 
	Parameter C_EN_RDADDRA_CHG bound to: 0 - type: integer 
	Parameter C_EN_RDADDRB_CHG bound to: 0 - type: integer 
	Parameter C_EN_DEEPSLEEP_PIN bound to: 0 - type: integer 
	Parameter C_EN_SHUTDOWN_PIN bound to: 0 - type: integer 
	Parameter C_EN_SAFETY_CKT bound to: 0 - type: integer 
	Parameter C_DISABLE_WARN_BHV_RANGE bound to: 0 - type: integer 
	Parameter C_COUNT_36K_BRAM bound to: 2 - type: string 
	Parameter C_COUNT_18K_BRAM bound to: 0 - type: string 
	Parameter C_EST_POWER_SUMMARY bound to: Estimated Power for IP     :     10.698 mW - type: string 
INFO: [Synth 8-3491] module 'blk_mem_gen_v8_4_8' declared at 'c:/Users/MMP/IOT/project_1/project_1.gen/sources_1/ip/blk_mem_gen_1/hdl/blk_mem_gen_v8_4_vhsyn_rfs.vhd:195208' bound to instance 'U0' of component 'blk_mem_gen_v8_4_8' [c:/Users/MMP/IOT/project_1/project_1.gen/sources_1/ip/blk_mem_gen_1/synth/blk_mem_gen_1.vhd:249]
INFO: [Synth 8-256] done synthesizing module 'blk_mem_gen_1' (0#1) [c:/Users/MMP/IOT/project_1/project_1.gen/sources_1/ip/blk_mem_gen_1/synth/blk_mem_gen_1.vhd:76]
WARNING: [Synth 8-7129] Port CLKB in module blk_mem_output_block is either unconnected or has no load
WARNING: [Synth 8-7129] Port SBITERR_I in module blk_mem_output_block is either unconnected or has no load
WARNING: [Synth 8-7129] Port DBITERR_I in module blk_mem_output_block is either unconnected or has no load
WARNING: [Synth 8-7129] Port RDADDRECC_I[10] in module blk_mem_output_block is either unconnected or has no load
WARNING: [Synth 8-7129] Port RDADDRECC_I[9] in module blk_mem_output_block is either unconnected or has no load
WARNING: [Synth 8-7129] Port RDADDRECC_I[8] in module blk_mem_output_block is either unconnected or has no load
WARNING: [Synth 8-7129] Port RDADDRECC_I[7] in module blk_mem_output_block is either unconnected or has no load
WARNING: [Synth 8-7129] Port RDADDRECC_I[6] in module blk_mem_output_block is either unconnected or has no load
WARNING: [Synth 8-7129] Port RDADDRECC_I[5] in module blk_mem_output_block is either unconnected or has no load
WARNING: [Synth 8-7129] Port RDADDRECC_I[4] in module blk_mem_output_block is either unconnected or has no load
WARNING: [Synth 8-7129] Port RDADDRECC_I[3] in module blk_mem_output_block is either unconnected or has no load
WARNING: [Synth 8-7129] Port RDADDRECC_I[2] in module blk_mem_output_block is either unconnected or has no load
WARNING: [Synth 8-7129] Port RDADDRECC_I[1] in module blk_mem_output_block is either unconnected or has no load
WARNING: [Synth 8-7129] Port RDADDRECC_I[0] in module blk_mem_output_block is either unconnected or has no load
WARNING: [Synth 8-7129] Port SBITERR in module blk_mem_gen_prim_wrapper_init is either unconnected or has no load
WARNING: [Synth 8-7129] Port DBITERR in module blk_mem_gen_prim_wrapper_init is either unconnected or has no load
WARNING: [Synth 8-7129] Port SSRA in module blk_mem_gen_prim_wrapper_init is either unconnected or has no load
WARNING: [Synth 8-7129] Port SSRB in module blk_mem_gen_prim_wrapper_init is either unconnected or has no load
WARNING: [Synth 8-7129] Port SLEEP in module blk_mem_gen_prim_wrapper_init is either unconnected or has no load
WARNING: [Synth 8-7129] Port INJECTSBITERR in module blk_mem_gen_prim_wrapper_init is either unconnected or has no load
WARNING: [Synth 8-7129] Port INJECTDBITERR in module blk_mem_gen_prim_wrapper_init is either unconnected or has no load
WARNING: [Synth 8-7129] Port ECCPIPECE in module blk_mem_gen_prim_wrapper_init is either unconnected or has no load
WARNING: [Synth 8-7129] Port REGCEA[0] in module blk_mem_gen_generic_cstr is either unconnected or has no load
WARNING: [Synth 8-7129] Port WEA[3] in module blk_mem_gen_generic_cstr is either unconnected or has no load
WARNING: [Synth 8-7129] Port WEA[2] in module blk_mem_gen_generic_cstr is either unconnected or has no load
WARNING: [Synth 8-7129] Port WEA[1] in module blk_mem_gen_generic_cstr is either unconnected or has no load
WARNING: [Synth 8-7129] Port REGCEB[0] in module blk_mem_gen_generic_cstr is either unconnected or has no load
WARNING: [Synth 8-7129] Port WEB[3] in module blk_mem_gen_generic_cstr is either unconnected or has no load
WARNING: [Synth 8-7129] Port WEB[2] in module blk_mem_gen_generic_cstr is either unconnected or has no load
WARNING: [Synth 8-7129] Port WEB[1] in module blk_mem_gen_generic_cstr is either unconnected or has no load
WARNING: [Synth 8-7129] Port INJECTSBITERR in module blk_mem_gen_generic_cstr is either unconnected or has no load
WARNING: [Synth 8-7129] Port INJECTDBITERR in module blk_mem_gen_generic_cstr is either unconnected or has no load
WARNING: [Synth 8-7129] Port RSTA in module blk_mem_input_block is either unconnected or has no load
WARNING: [Synth 8-7129] Port REGCEA in module blk_mem_input_block is either unconnected or has no load
WARNING: [Synth 8-7129] Port RSTB in module blk_mem_input_block is either unconnected or has no load
WARNING: [Synth 8-7129] Port REGCEB in module blk_mem_input_block is either unconnected or has no load
WARNING: [Synth 8-7129] Port INJECTDBITERR in module blk_mem_input_block is either unconnected or has no load
WARNING: [Synth 8-7129] Port INJECTSBITERR in module blk_mem_input_block is either unconnected or has no load
WARNING: [Synth 8-7129] Port S_AClk in module blk_mem_gen_v8_4_8_synth is either unconnected or has no load
WARNING: [Synth 8-7129] Port S_ARESETN in module blk_mem_gen_v8_4_8_synth is either unconnected or has no load
WARNING: [Synth 8-7129] Port S_AXI_AWID[3] in module blk_mem_gen_v8_4_8_synth is either unconnected or has no load
WARNING: [Synth 8-7129] Port S_AXI_AWID[2] in module blk_mem_gen_v8_4_8_synth is either unconnected or has no load
WARNING: [Synth 8-7129] Port S_AXI_AWID[1] in module blk_mem_gen_v8_4_8_synth is either unconnected or has no load
WARNING: [Synth 8-7129] Port S_AXI_AWID[0] in module blk_mem_gen_v8_4_8_synth is either unconnected or has no load
WARNING: [Synth 8-7129] Port S_AXI_AWADDR[31] in module blk_mem_gen_v8_4_8_synth is either unconnected or has no load
WARNING: [Synth 8-7129] Port S_AXI_AWADDR[30] in module blk_mem_gen_v8_4_8_synth is either unconnected or has no load
WARNING: [Synth 8-7129] Port S_AXI_AWADDR[29] in module blk_mem_gen_v8_4_8_synth is either unconnected or has no load
WARNING: [Synth 8-7129] Port S_AXI_AWADDR[28] in module blk_mem_gen_v8_4_8_synth is either unconnected or has no load
WARNING: [Synth 8-7129] Port S_AXI_AWADDR[27] in module blk_mem_gen_v8_4_8_synth is either unconnected or has no load
WARNING: [Synth 8-7129] Port S_AXI_AWADDR[26] in module blk_mem_gen_v8_4_8_synth is either unconnected or has no load
WARNING: [Synth 8-7129] Port S_AXI_AWADDR[25] in module blk_mem_gen_v8_4_8_synth is either unconnected or has no load
WARNING: [Synth 8-7129] Port S_AXI_AWADDR[24] in module blk_mem_gen_v8_4_8_synth is either unconnected or has no load
WARNING: [Synth 8-7129] Port S_AXI_AWADDR[23] in module blk_mem_gen_v8_4_8_synth is either unconnected or has no load
WARNING: [Synth 8-7129] Port S_AXI_AWADDR[22] in module blk_mem_gen_v8_4_8_synth is either unconnected or has no load
WARNING: [Synth 8-7129] Port S_AXI_AWADDR[21] in module blk_mem_gen_v8_4_8_synth is either unconnected or has no load
WARNING: [Synth 8-7129] Port S_AXI_AWADDR[20] in module blk_mem_gen_v8_4_8_synth is either unconnected or has no load
WARNING: [Synth 8-7129] Port S_AXI_AWADDR[19] in module blk_mem_gen_v8_4_8_synth is either unconnected or has no load
WARNING: [Synth 8-7129] Port S_AXI_AWADDR[18] in module blk_mem_gen_v8_4_8_synth is either unconnected or has no load
WARNING: [Synth 8-7129] Port S_AXI_AWADDR[17] in module blk_mem_gen_v8_4_8_synth is either unconnected or has no load
WARNING: [Synth 8-7129] Port S_AXI_AWADDR[16] in module blk_mem_gen_v8_4_8_synth is either unconnected or has no load
WARNING: [Synth 8-7129] Port S_AXI_AWADDR[15] in module blk_mem_gen_v8_4_8_synth is either unconnected or has no load
WARNING: [Synth 8-7129] Port S_AXI_AWADDR[14] in module blk_mem_gen_v8_4_8_synth is either unconnected or has no load
WARNING: [Synth 8-7129] Port S_AXI_AWADDR[13] in module blk_mem_gen_v8_4_8_synth is either unconnected or has no load
WARNING: [Synth 8-7129] Port S_AXI_AWADDR[12] in module blk_mem_gen_v8_4_8_synth is either unconnected or has no load
WARNING: [Synth 8-7129] Port S_AXI_AWADDR[11] in module blk_mem_gen_v8_4_8_synth is either unconnected or has no load
WARNING: [Synth 8-7129] Port S_AXI_AWADDR[10] in module blk_mem_gen_v8_4_8_synth is either unconnected or has no load
WARNING: [Synth 8-7129] Port S_AXI_AWADDR[9] in module blk_mem_gen_v8_4_8_synth is either unconnected or has no load
WARNING: [Synth 8-7129] Port S_AXI_AWADDR[8] in module blk_mem_gen_v8_4_8_synth is either unconnected or has no load
WARNING: [Synth 8-7129] Port S_AXI_AWADDR[7] in module blk_mem_gen_v8_4_8_synth is either unconnected or has no load
WARNING: [Synth 8-7129] Port S_AXI_AWADDR[6] in module blk_mem_gen_v8_4_8_synth is either unconnected or has no load
WARNING: [Synth 8-7129] Port S_AXI_AWADDR[5] in module blk_mem_gen_v8_4_8_synth is either unconnected or has no load
WARNING: [Synth 8-7129] Port S_AXI_AWADDR[4] in module blk_mem_gen_v8_4_8_synth is either unconnected or has no load
WARNING: [Synth 8-7129] Port S_AXI_AWADDR[3] in module blk_mem_gen_v8_4_8_synth is either unconnected or has no load
WARNING: [Synth 8-7129] Port S_AXI_AWADDR[2] in module blk_mem_gen_v8_4_8_synth is either unconnected or has no load
WARNING: [Synth 8-7129] Port S_AXI_AWADDR[1] in module blk_mem_gen_v8_4_8_synth is either unconnected or has no load
WARNING: [Synth 8-7129] Port S_AXI_AWADDR[0] in module blk_mem_gen_v8_4_8_synth is either unconnected or has no load
WARNING: [Synth 8-7129] Port S_AXI_AWLEN[7] in module blk_mem_gen_v8_4_8_synth is either unconnected or has no load
WARNING: [Synth 8-7129] Port S_AXI_AWLEN[6] in module blk_mem_gen_v8_4_8_synth is either unconnected or has no load
WARNING: [Synth 8-7129] Port S_AXI_AWLEN[5] in module blk_mem_gen_v8_4_8_synth is either unconnected or has no load
WARNING: [Synth 8-7129] Port S_AXI_AWLEN[4] in module blk_mem_gen_v8_4_8_synth is either unconnected or has no load
WARNING: [Synth 8-7129] Port S_AXI_AWLEN[3] in module blk_mem_gen_v8_4_8_synth is either unconnected or has no load
WARNING: [Synth 8-7129] Port S_AXI_AWLEN[2] in module blk_mem_gen_v8_4_8_synth is either unconnected or has no load
WARNING: [Synth 8-7129] Port S_AXI_AWLEN[1] in module blk_mem_gen_v8_4_8_synth is either unconnected or has no load
WARNING: [Synth 8-7129] Port S_AXI_AWLEN[0] in module blk_mem_gen_v8_4_8_synth is either unconnected or has no load
WARNING: [Synth 8-7129] Port S_AXI_AWSIZE[2] in module blk_mem_gen_v8_4_8_synth is either unconnected or has no load
WARNING: [Synth 8-7129] Port S_AXI_AWSIZE[1] in module blk_mem_gen_v8_4_8_synth is either unconnected or has no load
WARNING: [Synth 8-7129] Port S_AXI_AWSIZE[0] in module blk_mem_gen_v8_4_8_synth is either unconnected or has no load
WARNING: [Synth 8-7129] Port S_AXI_AWBURST[1] in module blk_mem_gen_v8_4_8_synth is either unconnected or has no load
WARNING: [Synth 8-7129] Port S_AXI_AWBURST[0] in module blk_mem_gen_v8_4_8_synth is either unconnected or has no load
WARNING: [Synth 8-7129] Port S_AXI_AWVALID in module blk_mem_gen_v8_4_8_synth is either unconnected or has no load
WARNING: [Synth 8-7129] Port S_AXI_WDATA[31] in module blk_mem_gen_v8_4_8_synth is either unconnected or has no load
WARNING: [Synth 8-7129] Port S_AXI_WDATA[30] in module blk_mem_gen_v8_4_8_synth is either unconnected or has no load
WARNING: [Synth 8-7129] Port S_AXI_WDATA[29] in module blk_mem_gen_v8_4_8_synth is either unconnected or has no load
WARNING: [Synth 8-7129] Port S_AXI_WDATA[28] in module blk_mem_gen_v8_4_8_synth is either unconnected or has no load
WARNING: [Synth 8-7129] Port S_AXI_WDATA[27] in module blk_mem_gen_v8_4_8_synth is either unconnected or has no load
WARNING: [Synth 8-7129] Port S_AXI_WDATA[26] in module blk_mem_gen_v8_4_8_synth is either unconnected or has no load
WARNING: [Synth 8-7129] Port S_AXI_WDATA[25] in module blk_mem_gen_v8_4_8_synth is either unconnected or has no load
WARNING: [Synth 8-7129] Port S_AXI_WDATA[24] in module blk_mem_gen_v8_4_8_synth is either unconnected or has no load
WARNING: [Synth 8-7129] Port S_AXI_WDATA[23] in module blk_mem_gen_v8_4_8_synth is either unconnected or has no load
WARNING: [Synth 8-7129] Port S_AXI_WDATA[22] in module blk_mem_gen_v8_4_8_synth is either unconnected or has no load
INFO: [Common 17-14] Message 'Synth 8-7129' appears 100 times and further instances of the messages will be disabled. Use the Tcl command set_msg_config to change the current settings.
---------------------------------------------------------------------------------
Finished RTL Elaboration : Time (s): cpu = 00:00:16 ; elapsed = 00:00:19 . Memory (MB): peak = 1833.125 ; gain = 819.371
---------------------------------------------------------------------------------
---------------------------------------------------------------------------------
Start Handling Custom Attributes
---------------------------------------------------------------------------------
---------------------------------------------------------------------------------
Finished Handling Custom Attributes : Time (s): cpu = 00:00:16 ; elapsed = 00:00:19 . Memory (MB): peak = 1833.125 ; gain = 819.371
---------------------------------------------------------------------------------
---------------------------------------------------------------------------------
Finished RTL Optimization Phase 1 : Time (s): cpu = 00:00:16 ; elapsed = 00:00:19 . Memory (MB): peak = 1833.125 ; gain = 819.371
---------------------------------------------------------------------------------
Netlist sorting complete. Time (s): cpu = 00:00:00 ; elapsed = 00:00:00.012 . Memory (MB): peak = 1833.125 ; gain = 0.000
INFO: [Netlist 29-17] Analyzing 2 Unisim elements for replacement
INFO: [Netlist 29-28] Unisim Transformation completed in 0 CPU seconds
INFO: [Project 1-570] Preparing netlist for logic optimization

Processing XDC Constraints
Initializing timing engine
Parsing XDC File [c:/Users/MMP/IOT/project_1/project_1.gen/sources_1/ip/blk_mem_gen_1/blk_mem_gen_1_ooc.xdc] for cell 'U0'
Finished Parsing XDC File [c:/Users/MMP/IOT/project_1/project_1.gen/sources_1/ip/blk_mem_gen_1/blk_mem_gen_1_ooc.xdc] for cell 'U0'
Parsing XDC File [C:/Users/MMP/IOT/project_1/project_1.runs/blk_mem_gen_1_synth_1/dont_touch.xdc]
Finished Parsing XDC File [C:/Users/MMP/IOT/project_1/project_1.runs/blk_mem_gen_1_synth_1/dont_touch.xdc]
Completed Processing XDC Constraints

Netlist sorting complete. Time (s): cpu = 00:00:00 ; elapsed = 00:00:00 . Memory (MB): peak = 1837.555 ; gain = 0.000
INFO: [Project 1-111] Unisim Transformation Summary:
No Unisim elements were transformed.

Constraint Validation Runtime : Time (s): cpu = 00:00:00 ; elapsed = 00:00:00.025 . Memory (MB): peak = 1837.855 ; gain = 0.301
INFO: [Designutils 20-5008] Incremental synthesis strategy off
---------------------------------------------------------------------------------
Finished Constraint Validation : Time (s): cpu = 00:00:24 ; elapsed = 00:00:28 . Memory (MB): peak = 1837.855 ; gain = 824.102
---------------------------------------------------------------------------------
---------------------------------------------------------------------------------
Start Loading Part and Timing Information
---------------------------------------------------------------------------------
Loading part: xc7z020clg400-1
---------------------------------------------------------------------------------
Finished Loading Part and Timing Information : Time (s): cpu = 00:00:24 ; elapsed = 00:00:28 . Memory (MB): peak = 1837.855 ; gain = 824.102
---------------------------------------------------------------------------------
---------------------------------------------------------------------------------
Start Applying 'set_property' XDC Constraints
---------------------------------------------------------------------------------
Applied set_property KEEP_HIERARCHY = SOFT for U0. (constraint file  C:/Users/MMP/IOT/project_1/project_1.runs/blk_mem_gen_1_synth_1/dont_touch.xdc, line 9).
---------------------------------------------------------------------------------
Finished applying 'set_property' XDC Constraints : Time (s): cpu = 00:00:24 ; elapsed = 00:00:28 . Memory (MB): peak = 1837.855 ; gain = 824.102
---------------------------------------------------------------------------------
---------------------------------------------------------------------------------
Finished RTL Optimization Phase 2 : Time (s): cpu = 00:00:24 ; elapsed = 00:00:28 . Memory (MB): peak = 1837.855 ; gain = 824.102
---------------------------------------------------------------------------------
---------------------------------------------------------------------------------
Start RTL Component Statistics 
---------------------------------------------------------------------------------
Detailed RTL Component Info : 
---------------------------------------------------------------------------------
Finished RTL Component Statistics 
---------------------------------------------------------------------------------
---------------------------------------------------------------------------------
Start Part Resource Summary
---------------------------------------------------------------------------------
Part Resources:
DSPs: 220 (col length:60)
BRAMs: 280 (col length: RAMB18 60 RAMB36 30)
---------------------------------------------------------------------------------
Finished Part Resource Summary
---------------------------------------------------------------------------------
---------------------------------------------------------------------------------
Start Cross Boundary and Area Optimization
---------------------------------------------------------------------------------
WARNING: [Synth 8-7080] Parallel synthesis criteria is not met
---------------------------------------------------------------------------------
Finished Cross Boundary and Area Optimization : Time (s): cpu = 00:00:26 ; elapsed = 00:00:30 . Memory (MB): peak = 1837.855 ; gain = 824.102
---------------------------------------------------------------------------------
---------------------------------------------------------------------------------
Start Applying XDC Timing Constraints
---------------------------------------------------------------------------------
---------------------------------------------------------------------------------
Finished Applying XDC Timing Constraints : Time (s): cpu = 00:00:32 ; elapsed = 00:00:37 . Memory (MB): peak = 1837.855 ; gain = 824.102
---------------------------------------------------------------------------------
---------------------------------------------------------------------------------
Start Timing Optimization
---------------------------------------------------------------------------------
---------------------------------------------------------------------------------
Finished Timing Optimization : Time (s): cpu = 00:00:32 ; elapsed = 00:00:37 . Memory (MB): peak = 1837.855 ; gain = 824.102
---------------------------------------------------------------------------------
---------------------------------------------------------------------------------
Start Technology Mapping
---------------------------------------------------------------------------------
---------------------------------------------------------------------------------
Finished Technology Mapping : Time (s): cpu = 00:00:32 ; elapsed = 00:00:37 . Memory (MB): peak = 1837.855 ; gain = 824.102
---------------------------------------------------------------------------------
---------------------------------------------------------------------------------
Start IO Insertion
---------------------------------------------------------------------------------
---------------------------------------------------------------------------------
Start Flattening Before IO Insertion
---------------------------------------------------------------------------------
---------------------------------------------------------------------------------
Finished Flattening Before IO Insertion
---------------------------------------------------------------------------------
---------------------------------------------------------------------------------
Start Final Netlist Cleanup
---------------------------------------------------------------------------------
---------------------------------------------------------------------------------
Finished Final Netlist Cleanup
---------------------------------------------------------------------------------
---------------------------------------------------------------------------------
Finished IO Insertion : Time (s): cpu = 00:00:36 ; elapsed = 00:00:42 . Memory (MB): peak = 1837.855 ; gain = 824.102
---------------------------------------------------------------------------------
---------------------------------------------------------------------------------
Start Renaming Generated Instances
---------------------------------------------------------------------------------
---------------------------------------------------------------------------------
Finished Renaming Generated Instances : Time (s): cpu = 00:00:36 ; elapsed = 00:00:42 . Memory (MB): peak = 1837.855 ; gain = 824.102
---------------------------------------------------------------------------------
---------------------------------------------------------------------------------
Start Rebuilding User Hierarchy
---------------------------------------------------------------------------------
---------------------------------------------------------------------------------
Finished Rebuilding User Hierarchy : Time (s): cpu = 00:00:36 ; elapsed = 00:00:42 . Memory (MB): peak = 1837.855 ; gain = 824.102
---------------------------------------------------------------------------------
---------------------------------------------------------------------------------
Start Renaming Generated Ports
---------------------------------------------------------------------------------
---------------------------------------------------------------------------------
Finished Renaming Generated Ports : Time (s): cpu = 00:00:36 ; elapsed = 00:00:42 . Memory (MB): peak = 1837.855 ; gain = 824.102
---------------------------------------------------------------------------------
---------------------------------------------------------------------------------
Start Handling Custom Attributes
---------------------------------------------------------------------------------
---------------------------------------------------------------------------------
Finished Handling Custom Attributes : Time (s): cpu = 00:00:36 ; elapsed = 00:00:42 . Memory (MB): peak = 1837.855 ; gain = 824.102
---------------------------------------------------------------------------------
---------------------------------------------------------------------------------
Start Renaming Generated Nets
---------------------------------------------------------------------------------
---------------------------------------------------------------------------------
Finished Renaming Generated Nets : Time (s): cpu = 00:00:36 ; elapsed = 00:00:42 . Memory (MB): peak = 1837.855 ; gain = 824.102
---------------------------------------------------------------------------------
---------------------------------------------------------------------------------
Start Writing Synthesis Report
---------------------------------------------------------------------------------

Report BlackBoxes: 
+-+--------------+----------+
| |BlackBox name |Instances |
+-+--------------+----------+
+-+--------------+----------+

Report Cell Usage: 
+------+---------+------+
|      |Cell     |Count |
+------+---------+------+
|1     |RAMB36E1 |     2|
+------+---------+------+
---------------------------------------------------------------------------------
Finished Writing Synthesis Report : Time (s): cpu = 00:00:36 ; elapsed = 00:00:42 . Memory (MB): peak = 1837.855 ; gain = 824.102
---------------------------------------------------------------------------------
Synthesis finished with 0 errors, 0 critical warnings and 152 warnings.
Synthesis Optimization Runtime : Time (s): cpu = 00:00:18 ; elapsed = 00:00:40 . Memory (MB): peak = 1837.855 ; gain = 819.371
Synthesis Optimization Complete : Time (s): cpu = 00:00:36 ; elapsed = 00:00:42 . Memory (MB): peak = 1837.855 ; gain = 824.102
INFO: [Project 1-571] Translating synthesized netlist
Netlist sorting complete. Time (s): cpu = 00:00:00 ; elapsed = 00:00:00.007 . Memory (MB): peak = 1837.855 ; gain = 0.000
INFO: [Netlist 29-17] Analyzing 2 Unisim elements for replacement
INFO: [Netlist 29-28] Unisim Transformation completed in 0 CPU seconds
INFO: [Project 1-570] Preparing netlist for logic optimization
INFO: [Opt 31-138] Pushed 0 inverter(s) to 0 load pin(s).
Netlist sorting complete. Time (s): cpu = 00:00:00 ; elapsed = 00:00:00 . Memory (MB): peak = 1837.855 ; gain = 0.000
INFO: [Project 1-111] Unisim Transformation Summary:
No Unisim elements were transformed.

Synth Design complete | Checksum: 36a1e57b
INFO: [Common 17-83] Releasing license: Synthesis
23 Infos, 101 Warnings, 0 Critical Warnings and 0 Errors encountered.
synth_design completed successfully
synth_design: Time (s): cpu = 00:00:41 ; elapsed = 00:00:49 . Memory (MB): peak = 1837.855 ; gain = 1248.055
INFO: [Common 17-1381] The checkpoint 'C:/Users/MMP/IOT/project_1/project_1.runs/blk_mem_gen_1_synth_1/blk_mem_gen_1.dcp' has been generated.
INFO: [Coretcl 2-1648] Added synthesis output to IP cache for IP blk_mem_gen_1, cache-ID = f068535bc3c8ce77
INFO: [Coretcl 2-1174] Renamed 8 cell refs.
INFO: [Common 17-1381] The checkpoint 'C:/Users/MMP/IOT/project_1/project_1.runs/blk_mem_gen_1_synth_1/blk_mem_gen_1.dcp' has been generated.
INFO: [Vivado 12-24828] Executing command : report_utilization -file blk_mem_gen_1_utilization_synth.rpt -pb blk_mem_gen_1_utilization_synth.pb
INFO: [Common 17-206] Exiting Vivado at Fri Nov  1 17:00:55 2024...
